<?xml version="1.0" encoding="UTF-8" ?>
<testsuite failures="0" time="0.177" errors="0" skipped="0" tests="7" name="org.xmlcml.norma.json.CatalogEntryTest">
  <properties>
    <property name="java.runtime.name" value="Java(TM) SE Runtime Environment"/>
    <property name="sun.boot.library.path" value="/Library/Java/JavaVirtualMachines/jdk1.7.0_51.jdk/Contents/Home/jre/lib"/>
    <property name="java.vm.version" value="24.51-b03"/>
    <property name="user.country.format" value="GB"/>
    <property name="gopherProxySet" value="false"/>
    <property name="java.vm.vendor" value="Oracle Corporation"/>
    <property name="java.vendor.url" value="http://java.oracle.com/"/>
    <property name="path.separator" value=":"/>
    <property name="java.vm.name" value="Java HotSpot(TM) 64-Bit Server VM"/>
    <property name="file.encoding.pkg" value="sun.io"/>
    <property name="user.country" value="US"/>
    <property name="sun.java.launcher" value="SUN_STANDARD"/>
    <property name="sun.os.patch.level" value="unknown"/>
    <property name="java.vm.specification.name" value="Java Virtual Machine Specification"/>
    <property name="user.dir" value="/Users/pm286/workspace/nhtml"/>
    <property name="java.runtime.version" value="1.7.0_51-b13"/>
    <property name="java.awt.graphicsenv" value="sun.awt.CGraphicsEnvironment"/>
    <property name="basedir" value="/Users/pm286/workspace/nhtml"/>
    <property name="java.endorsed.dirs" value="/Library/Java/JavaVirtualMachines/jdk1.7.0_51.jdk/Contents/Home/jre/lib/endorsed"/>
    <property name="os.arch" value="x86_64"/>
    <property name="surefire.real.class.path" value="/Users/pm286/workspace/nhtml/target/surefire/surefirebooter1984722307498965155.jar"/>
    <property name="java.io.tmpdir" value="/var/folders/mk/8gdp1fg15zsgym6rmchb36gh0000gp/T/"/>
    <property name="line.separator" value="
"/>
    <property name="java.vm.specification.vendor" value="Oracle Corporation"/>
    <property name="os.name" value="Mac OS X"/>
    <property name="sun.jnu.encoding" value="UTF-8"/>
    <property name="java.library.path" value="/Users/pm286/Library/Java/Extensions:/Library/Java/Extensions:/Network/Library/Java/Extensions:/System/Library/Java/Extensions:/usr/lib/java:."/>
    <property name="surefire.test.class.path" value="/Users/pm286/workspace/nhtml/target/test-classes:/Users/pm286/workspace/nhtml/target/classes:/Users/pm286/.m2/repository/org/xml-cml/html/0.2-SNAPSHOT/html-0.2-SNAPSHOT.jar:/Users/pm286/.m2/repository/org/xml-cml/euclid/1.1-SNAPSHOT/euclid-1.1-SNAPSHOT.jar:/Users/pm286/.m2/repository/joda-time/joda-time/1.6.2/joda-time-1.6.2.jar:/Users/pm286/.m2/repository/org/xml-cml/cmlxom/3.2-SNAPSHOT/cmlxom-3.2-SNAPSHOT.jar:/Users/pm286/.m2/repository/org/xml-cml/svg/0.2-SNAPSHOT/svg-0.2-SNAPSHOT.jar:/Users/pm286/.m2/repository/xml-apis/xml-apis/1.4.01/xml-apis-1.4.01.jar:/Users/pm286/.m2/repository/log4j/log4j/1.2.16/log4j-1.2.16.jar:/Users/pm286/.m2/repository/commons-io/commons-io/2.0.1/commons-io-2.0.1.jar:/Users/pm286/.m2/repository/jtidy/jtidy/4aug2000r7-dev/jtidy-4aug2000r7-dev.jar:/Users/pm286/.m2/repository/org/ccil/cowan/tagsoup/tagsoup/1.2/tagsoup-1.2.jar:/Users/pm286/.m2/repository/xom/xom/1.2.5/xom-1.2.5.jar:/Users/pm286/.m2/repository/xerces/xercesImpl/2.8.0/xercesImpl-2.8.0.jar:/Users/pm286/.m2/repository/xalan/xalan/2.7.0/xalan-2.7.0.jar:/Users/pm286/.m2/repository/org/apache/commons/commons-math/2.2/commons-math-2.2.jar:/Users/pm286/.m2/repository/org/jsoup/jsoup/1.7.2/jsoup-1.7.2.jar:/Users/pm286/.m2/repository/net/sourceforge/htmlunit/htmlunit/2.15/htmlunit-2.15.jar:/Users/pm286/.m2/repository/commons-collections/commons-collections/3.2.1/commons-collections-3.2.1.jar:/Users/pm286/.m2/repository/org/apache/commons/commons-lang3/3.3.2/commons-lang3-3.3.2.jar:/Users/pm286/.m2/repository/org/apache/httpcomponents/httpclient/4.3.3/httpclient-4.3.3.jar:/Users/pm286/.m2/repository/org/apache/httpcomponents/httpcore/4.3.2/httpcore-4.3.2.jar:/Users/pm286/.m2/repository/org/apache/httpcomponents/httpmime/4.3.3/httpmime-4.3.3.jar:/Users/pm286/.m2/repository/commons-codec/commons-codec/1.9/commons-codec-1.9.jar:/Users/pm286/.m2/repository/net/sourceforge/htmlunit/htmlunit-core-js/2.15/htmlunit-core-js-2.15.jar:/Users/pm286/.m2/repository/net/sourceforge/nekohtml/nekohtml/1.9.21/nekohtml-1.9.21.jar:/Users/pm286/.m2/repository/net/sourceforge/cssparser/cssparser/0.9.14/cssparser-0.9.14.jar:/Users/pm286/.m2/repository/org/w3c/css/sac/1.3/sac-1.3.jar:/Users/pm286/.m2/repository/commons-logging/commons-logging/1.1.3/commons-logging-1.1.3.jar:/Users/pm286/.m2/repository/org/eclipse/jetty/jetty-websocket/8.1.15.v20140411/jetty-websocket-8.1.15.v20140411.jar:/Users/pm286/.m2/repository/org/eclipse/jetty/jetty-util/8.1.15.v20140411/jetty-util-8.1.15.v20140411.jar:/Users/pm286/.m2/repository/org/eclipse/jetty/jetty-io/8.1.15.v20140411/jetty-io-8.1.15.v20140411.jar:/Users/pm286/.m2/repository/org/eclipse/jetty/jetty-http/8.1.15.v20140411/jetty-http-8.1.15.v20140411.jar:/Users/pm286/.m2/repository/net/sf/saxon/Saxon-HE/9.6.0-3/Saxon-HE-9.6.0-3.jar:/Users/pm286/.m2/repository/com/google/code/gson/gson/2.3.1/gson-2.3.1.jar:/Users/pm286/.m2/repository/org/xml-cml/svg2xml/0.1-SNAPSHOT/svg2xml-0.1-SNAPSHOT.jar:/Users/pm286/.m2/repository/org/xml-cml/pdf2svg/1.1-SNAPSHOT/pdf2svg-1.1-SNAPSHOT.jar:/Users/pm286/.m2/repository/org/apache/pdfbox/pdfbox/1.8.8/pdfbox-1.8.8.jar:/Users/pm286/.m2/repository/org/apache/pdfbox/fontbox/1.8.8/fontbox-1.8.8.jar:/Users/pm286/.m2/repository/org/apache/pdfbox/jempbox/1.8.8/jempbox-1.8.8.jar:/Users/pm286/.m2/repository/org/xml-cml/imageanalysis/0.1-SNAPSHOT/imageanalysis-0.1-SNAPSHOT.jar:/Users/pm286/.m2/repository/org/boofcv/io/0.17/io-0.17.jar:/Users/pm286/.m2/repository/org/ddogleg/ddogleg/0.5/ddogleg-0.5.jar:/Users/pm286/.m2/repository/org/boofcv/ip/0.17/ip-0.17.jar:/Users/pm286/.m2/repository/com/thoughtworks/xstream/xstream/1.4.7/xstream-1.4.7.jar:/Users/pm286/.m2/repository/xmlpull/xmlpull/1.1.3.1/xmlpull-1.1.3.1.jar:/Users/pm286/.m2/repository/xpp3/xpp3_min/1.1.4c/xpp3_min-1.1.4c.jar:/Users/pm286/.m2/repository/org/georegression/georegression/0.6/georegression-0.6.jar:/Users/pm286/.m2/repository/com/googlecode/efficient-java-matrix-library/ejml/0.25/ejml-0.25.jar:/Users/pm286/.m2/repository/org/boofcv/feature/0.17/feature-0.17.jar:/Users/pm286/.m2/repository/org/boofcv/visualize/0.17/visualize-0.17.jar:/Users/pm286/.m2/repository/org/boofcv/recognition/0.17/recognition-0.17.jar:/Users/pm286/.m2/repository/org/boofcv/sfm/0.17/sfm-0.17.jar:/Users/pm286/.m2/repository/org/boofcv/calibration/0.17/calibration-0.17.jar:/Users/pm286/.m2/repository/org/boofcv/geo/0.17/geo-0.17.jar:/Users/pm286/.m2/repository/org/imgscalr/imgscalr-lib/4.2/imgscalr-lib-4.2.jar:/Users/pm286/.m2/repository/org/bouncycastle/bcprov-jdk16/1.46/bcprov-jdk16-1.46.jar:/Users/pm286/.m2/repository/com/google/guava/guava/18.0/guava-18.0.jar:/Users/pm286/.m2/repository/org/xml-cml/svgbuilder/0.1-SNAPSHOT/svgbuilder-0.1-SNAPSHOT.jar:/Users/pm286/.m2/repository/com/google/code/findbugs/jsr305/2.0.2/jsr305-2.0.2.jar:/Users/pm286/.m2/repository/java3d/vecmath/1.3.1/vecmath-1.3.1.jar:/Users/pm286/.m2/repository/junit/junit/4.8.2/junit-4.8.2.jar:/Users/pm286/.m2/repository/org/vafer/jdeb/1.3/jdeb-1.3.jar:/Users/pm286/.m2/repository/org/apache/commons/commons-compress/1.7/commons-compress-1.7.jar:/Users/pm286/.m2/repository/org/tukaani/xz/1.4/xz-1.4.jar:/Users/pm286/.m2/repository/org/apache/maven/maven-core/3.2.2/maven-core-3.2.2.jar:/Users/pm286/.m2/repository/org/apache/maven/maven-model/3.2.2/maven-model-3.2.2.jar:/Users/pm286/.m2/repository/org/apache/maven/maven-settings/3.2.2/maven-settings-3.2.2.jar:/Users/pm286/.m2/repository/org/apache/maven/maven-settings-builder/3.2.2/maven-settings-builder-3.2.2.jar:/Users/pm286/.m2/repository/org/apache/maven/maven-repository-metadata/3.2.2/maven-repository-metadata-3.2.2.jar:/Users/pm286/.m2/repository/org/apache/maven/maven-artifact/3.2.2/maven-artifact-3.2.2.jar:/Users/pm286/.m2/repository/org/apache/maven/maven-model-builder/3.2.2/maven-model-builder-3.2.2.jar:/Users/pm286/.m2/repository/org/apache/maven/maven-aether-provider/3.2.2/maven-aether-provider-3.2.2.jar:/Users/pm286/.m2/repository/org/eclipse/aether/aether-spi/0.9.0.M2/aether-spi-0.9.0.M2.jar:/Users/pm286/.m2/repository/org/eclipse/aether/aether-impl/0.9.0.M2/aether-impl-0.9.0.M2.jar:/Users/pm286/.m2/repository/org/eclipse/aether/aether-api/0.9.0.M2/aether-api-0.9.0.M2.jar:/Users/pm286/.m2/repository/org/eclipse/aether/aether-util/0.9.0.M2/aether-util-0.9.0.M2.jar:/Users/pm286/.m2/repository/org/eclipse/sisu/org.eclipse.sisu.plexus/0.0.0.M5/org.eclipse.sisu.plexus-0.0.0.M5.jar:/Users/pm286/.m2/repository/javax/enterprise/cdi-api/1.0/cdi-api-1.0.jar:/Users/pm286/.m2/repository/javax/annotation/jsr250-api/1.0/jsr250-api-1.0.jar:/Users/pm286/.m2/repository/javax/inject/javax.inject/1/javax.inject-1.jar:/Users/pm286/.m2/repository/org/sonatype/sisu/sisu-guice/3.1.0/sisu-guice-3.1.0-no_aop.jar:/Users/pm286/.m2/repository/aopalliance/aopalliance/1.0/aopalliance-1.0.jar:/Users/pm286/.m2/repository/org/eclipse/sisu/org.eclipse.sisu.inject/0.0.0.M5/org.eclipse.sisu.inject-0.0.0.M5.jar:/Users/pm286/.m2/repository/org/codehaus/plexus/plexus-interpolation/1.19/plexus-interpolation-1.19.jar:/Users/pm286/.m2/repository/org/codehaus/plexus/plexus-utils/3.0.17/plexus-utils-3.0.17.jar:/Users/pm286/.m2/repository/org/codehaus/plexus/plexus-classworlds/2.5.1/plexus-classworlds-2.5.1.jar:/Users/pm286/.m2/repository/org/codehaus/plexus/plexus-component-annotations/1.5.5/plexus-component-annotations-1.5.5.jar:/Users/pm286/.m2/repository/org/sonatype/plexus/plexus-sec-dispatcher/1.3/plexus-sec-dispatcher-1.3.jar:/Users/pm286/.m2/repository/org/sonatype/plexus/plexus-cipher/1.4/plexus-cipher-1.4.jar:/Users/pm286/.m2/repository/org/apache/maven/maven-plugin-api/3.2.2/maven-plugin-api-3.2.2.jar:/Users/pm286/.m2/repository/org/apache/ant/ant/1.9.3/ant-1.9.3.jar:/Users/pm286/.m2/repository/org/apache/ant/ant-launcher/1.9.3/ant-launcher-1.9.3.jar:/Users/pm286/.m2/repository/org/bouncycastle/bcpg-jdk15on/1.51/bcpg-jdk15on-1.51.jar:/Users/pm286/.m2/repository/org/bouncycastle/bcprov-jdk15on/1.51/bcprov-jdk15on-1.51.jar:"/>
    <property name="java.specification.name" value="Java Platform API Specification"/>
    <property name="java.class.version" value="51.0"/>
    <property name="sun.management.compiler" value="HotSpot 64-Bit Tiered Compilers"/>
    <property name="os.version" value="10.9.5"/>
    <property name="http.nonProxyHosts" value="local|*.local|169.254/16|*.169.254/16"/>
    <property name="user.home" value="/Users/pm286"/>
    <property name="user.timezone" value=""/>
    <property name="java.awt.printerjob" value="sun.lwawt.macosx.CPrinterJob"/>
    <property name="java.specification.version" value="1.7"/>
    <property name="file.encoding" value="UTF-8"/>
    <property name="user.name" value="pm286"/>
    <property name="java.class.path" value="/Users/pm286/workspace/nhtml/target/test-classes:/Users/pm286/workspace/nhtml/target/classes:/Users/pm286/.m2/repository/org/xml-cml/html/0.2-SNAPSHOT/html-0.2-SNAPSHOT.jar:/Users/pm286/.m2/repository/org/xml-cml/euclid/1.1-SNAPSHOT/euclid-1.1-SNAPSHOT.jar:/Users/pm286/.m2/repository/joda-time/joda-time/1.6.2/joda-time-1.6.2.jar:/Users/pm286/.m2/repository/org/xml-cml/cmlxom/3.2-SNAPSHOT/cmlxom-3.2-SNAPSHOT.jar:/Users/pm286/.m2/repository/org/xml-cml/svg/0.2-SNAPSHOT/svg-0.2-SNAPSHOT.jar:/Users/pm286/.m2/repository/xml-apis/xml-apis/1.4.01/xml-apis-1.4.01.jar:/Users/pm286/.m2/repository/log4j/log4j/1.2.16/log4j-1.2.16.jar:/Users/pm286/.m2/repository/commons-io/commons-io/2.0.1/commons-io-2.0.1.jar:/Users/pm286/.m2/repository/jtidy/jtidy/4aug2000r7-dev/jtidy-4aug2000r7-dev.jar:/Users/pm286/.m2/repository/org/ccil/cowan/tagsoup/tagsoup/1.2/tagsoup-1.2.jar:/Users/pm286/.m2/repository/xom/xom/1.2.5/xom-1.2.5.jar:/Users/pm286/.m2/repository/xerces/xercesImpl/2.8.0/xercesImpl-2.8.0.jar:/Users/pm286/.m2/repository/xalan/xalan/2.7.0/xalan-2.7.0.jar:/Users/pm286/.m2/repository/org/apache/commons/commons-math/2.2/commons-math-2.2.jar:/Users/pm286/.m2/repository/org/jsoup/jsoup/1.7.2/jsoup-1.7.2.jar:/Users/pm286/.m2/repository/net/sourceforge/htmlunit/htmlunit/2.15/htmlunit-2.15.jar:/Users/pm286/.m2/repository/commons-collections/commons-collections/3.2.1/commons-collections-3.2.1.jar:/Users/pm286/.m2/repository/org/apache/commons/commons-lang3/3.3.2/commons-lang3-3.3.2.jar:/Users/pm286/.m2/repository/org/apache/httpcomponents/httpclient/4.3.3/httpclient-4.3.3.jar:/Users/pm286/.m2/repository/org/apache/httpcomponents/httpcore/4.3.2/httpcore-4.3.2.jar:/Users/pm286/.m2/repository/org/apache/httpcomponents/httpmime/4.3.3/httpmime-4.3.3.jar:/Users/pm286/.m2/repository/commons-codec/commons-codec/1.9/commons-codec-1.9.jar:/Users/pm286/.m2/repository/net/sourceforge/htmlunit/htmlunit-core-js/2.15/htmlunit-core-js-2.15.jar:/Users/pm286/.m2/repository/net/sourceforge/nekohtml/nekohtml/1.9.21/nekohtml-1.9.21.jar:/Users/pm286/.m2/repository/net/sourceforge/cssparser/cssparser/0.9.14/cssparser-0.9.14.jar:/Users/pm286/.m2/repository/org/w3c/css/sac/1.3/sac-1.3.jar:/Users/pm286/.m2/repository/commons-logging/commons-logging/1.1.3/commons-logging-1.1.3.jar:/Users/pm286/.m2/repository/org/eclipse/jetty/jetty-websocket/8.1.15.v20140411/jetty-websocket-8.1.15.v20140411.jar:/Users/pm286/.m2/repository/org/eclipse/jetty/jetty-util/8.1.15.v20140411/jetty-util-8.1.15.v20140411.jar:/Users/pm286/.m2/repository/org/eclipse/jetty/jetty-io/8.1.15.v20140411/jetty-io-8.1.15.v20140411.jar:/Users/pm286/.m2/repository/org/eclipse/jetty/jetty-http/8.1.15.v20140411/jetty-http-8.1.15.v20140411.jar:/Users/pm286/.m2/repository/net/sf/saxon/Saxon-HE/9.6.0-3/Saxon-HE-9.6.0-3.jar:/Users/pm286/.m2/repository/com/google/code/gson/gson/2.3.1/gson-2.3.1.jar:/Users/pm286/.m2/repository/org/xml-cml/svg2xml/0.1-SNAPSHOT/svg2xml-0.1-SNAPSHOT.jar:/Users/pm286/.m2/repository/org/xml-cml/pdf2svg/1.1-SNAPSHOT/pdf2svg-1.1-SNAPSHOT.jar:/Users/pm286/.m2/repository/org/apache/pdfbox/pdfbox/1.8.8/pdfbox-1.8.8.jar:/Users/pm286/.m2/repository/org/apache/pdfbox/fontbox/1.8.8/fontbox-1.8.8.jar:/Users/pm286/.m2/repository/org/apache/pdfbox/jempbox/1.8.8/jempbox-1.8.8.jar:/Users/pm286/.m2/repository/org/xml-cml/imageanalysis/0.1-SNAPSHOT/imageanalysis-0.1-SNAPSHOT.jar:/Users/pm286/.m2/repository/org/boofcv/io/0.17/io-0.17.jar:/Users/pm286/.m2/repository/org/ddogleg/ddogleg/0.5/ddogleg-0.5.jar:/Users/pm286/.m2/repository/org/boofcv/ip/0.17/ip-0.17.jar:/Users/pm286/.m2/repository/com/thoughtworks/xstream/xstream/1.4.7/xstream-1.4.7.jar:/Users/pm286/.m2/repository/xmlpull/xmlpull/1.1.3.1/xmlpull-1.1.3.1.jar:/Users/pm286/.m2/repository/xpp3/xpp3_min/1.1.4c/xpp3_min-1.1.4c.jar:/Users/pm286/.m2/repository/org/georegression/georegression/0.6/georegression-0.6.jar:/Users/pm286/.m2/repository/com/googlecode/efficient-java-matrix-library/ejml/0.25/ejml-0.25.jar:/Users/pm286/.m2/repository/org/boofcv/feature/0.17/feature-0.17.jar:/Users/pm286/.m2/repository/org/boofcv/visualize/0.17/visualize-0.17.jar:/Users/pm286/.m2/repository/org/boofcv/recognition/0.17/recognition-0.17.jar:/Users/pm286/.m2/repository/org/boofcv/sfm/0.17/sfm-0.17.jar:/Users/pm286/.m2/repository/org/boofcv/calibration/0.17/calibration-0.17.jar:/Users/pm286/.m2/repository/org/boofcv/geo/0.17/geo-0.17.jar:/Users/pm286/.m2/repository/org/imgscalr/imgscalr-lib/4.2/imgscalr-lib-4.2.jar:/Users/pm286/.m2/repository/org/bouncycastle/bcprov-jdk16/1.46/bcprov-jdk16-1.46.jar:/Users/pm286/.m2/repository/com/google/guava/guava/18.0/guava-18.0.jar:/Users/pm286/.m2/repository/org/xml-cml/svgbuilder/0.1-SNAPSHOT/svgbuilder-0.1-SNAPSHOT.jar:/Users/pm286/.m2/repository/com/google/code/findbugs/jsr305/2.0.2/jsr305-2.0.2.jar:/Users/pm286/.m2/repository/java3d/vecmath/1.3.1/vecmath-1.3.1.jar:/Users/pm286/.m2/repository/junit/junit/4.8.2/junit-4.8.2.jar:/Users/pm286/.m2/repository/org/vafer/jdeb/1.3/jdeb-1.3.jar:/Users/pm286/.m2/repository/org/apache/commons/commons-compress/1.7/commons-compress-1.7.jar:/Users/pm286/.m2/repository/org/tukaani/xz/1.4/xz-1.4.jar:/Users/pm286/.m2/repository/org/apache/maven/maven-core/3.2.2/maven-core-3.2.2.jar:/Users/pm286/.m2/repository/org/apache/maven/maven-model/3.2.2/maven-model-3.2.2.jar:/Users/pm286/.m2/repository/org/apache/maven/maven-settings/3.2.2/maven-settings-3.2.2.jar:/Users/pm286/.m2/repository/org/apache/maven/maven-settings-builder/3.2.2/maven-settings-builder-3.2.2.jar:/Users/pm286/.m2/repository/org/apache/maven/maven-repository-metadata/3.2.2/maven-repository-metadata-3.2.2.jar:/Users/pm286/.m2/repository/org/apache/maven/maven-artifact/3.2.2/maven-artifact-3.2.2.jar:/Users/pm286/.m2/repository/org/apache/maven/maven-model-builder/3.2.2/maven-model-builder-3.2.2.jar:/Users/pm286/.m2/repository/org/apache/maven/maven-aether-provider/3.2.2/maven-aether-provider-3.2.2.jar:/Users/pm286/.m2/repository/org/eclipse/aether/aether-spi/0.9.0.M2/aether-spi-0.9.0.M2.jar:/Users/pm286/.m2/repository/org/eclipse/aether/aether-impl/0.9.0.M2/aether-impl-0.9.0.M2.jar:/Users/pm286/.m2/repository/org/eclipse/aether/aether-api/0.9.0.M2/aether-api-0.9.0.M2.jar:/Users/pm286/.m2/repository/org/eclipse/aether/aether-util/0.9.0.M2/aether-util-0.9.0.M2.jar:/Users/pm286/.m2/repository/org/eclipse/sisu/org.eclipse.sisu.plexus/0.0.0.M5/org.eclipse.sisu.plexus-0.0.0.M5.jar:/Users/pm286/.m2/repository/javax/enterprise/cdi-api/1.0/cdi-api-1.0.jar:/Users/pm286/.m2/repository/javax/annotation/jsr250-api/1.0/jsr250-api-1.0.jar:/Users/pm286/.m2/repository/javax/inject/javax.inject/1/javax.inject-1.jar:/Users/pm286/.m2/repository/org/sonatype/sisu/sisu-guice/3.1.0/sisu-guice-3.1.0-no_aop.jar:/Users/pm286/.m2/repository/aopalliance/aopalliance/1.0/aopalliance-1.0.jar:/Users/pm286/.m2/repository/org/eclipse/sisu/org.eclipse.sisu.inject/0.0.0.M5/org.eclipse.sisu.inject-0.0.0.M5.jar:/Users/pm286/.m2/repository/org/codehaus/plexus/plexus-interpolation/1.19/plexus-interpolation-1.19.jar:/Users/pm286/.m2/repository/org/codehaus/plexus/plexus-utils/3.0.17/plexus-utils-3.0.17.jar:/Users/pm286/.m2/repository/org/codehaus/plexus/plexus-classworlds/2.5.1/plexus-classworlds-2.5.1.jar:/Users/pm286/.m2/repository/org/codehaus/plexus/plexus-component-annotations/1.5.5/plexus-component-annotations-1.5.5.jar:/Users/pm286/.m2/repository/org/sonatype/plexus/plexus-sec-dispatcher/1.3/plexus-sec-dispatcher-1.3.jar:/Users/pm286/.m2/repository/org/sonatype/plexus/plexus-cipher/1.4/plexus-cipher-1.4.jar:/Users/pm286/.m2/repository/org/apache/maven/maven-plugin-api/3.2.2/maven-plugin-api-3.2.2.jar:/Users/pm286/.m2/repository/org/apache/ant/ant/1.9.3/ant-1.9.3.jar:/Users/pm286/.m2/repository/org/apache/ant/ant-launcher/1.9.3/ant-launcher-1.9.3.jar:/Users/pm286/.m2/repository/org/bouncycastle/bcpg-jdk15on/1.51/bcpg-jdk15on-1.51.jar:/Users/pm286/.m2/repository/org/bouncycastle/bcprov-jdk15on/1.51/bcprov-jdk15on-1.51.jar:"/>
    <property name="java.vm.specification.version" value="1.7"/>
    <property name="sun.arch.data.model" value="64"/>
    <property name="java.home" value="/Library/Java/JavaVirtualMachines/jdk1.7.0_51.jdk/Contents/Home/jre"/>
    <property name="sun.java.command" value="/Users/pm286/workspace/nhtml/target/surefire/surefirebooter1984722307498965155.jar /Users/pm286/workspace/nhtml/target/surefire/surefire1543455680731895241tmp /Users/pm286/workspace/nhtml/target/surefire/surefire6066751656796923915tmp"/>
    <property name="java.specification.vendor" value="Oracle Corporation"/>
    <property name="user.language" value="en"/>
    <property name="awt.toolkit" value="sun.lwawt.macosx.LWCToolkit"/>
    <property name="java.vm.info" value="mixed mode"/>
    <property name="java.version" value="1.7.0_51"/>
    <property name="java.ext.dirs" value="/Users/pm286/Library/Java/Extensions:/Library/Java/JavaVirtualMachines/jdk1.7.0_51.jdk/Contents/Home/jre/lib/ext:/Library/Java/Extensions:/Network/Library/Java/Extensions:/System/Library/Java/Extensions:/usr/lib/java"/>
    <property name="sun.boot.class.path" value="/Library/Java/JavaVirtualMachines/jdk1.7.0_51.jdk/Contents/Home/jre/lib/resources.jar:/Library/Java/JavaVirtualMachines/jdk1.7.0_51.jdk/Contents/Home/jre/lib/rt.jar:/Library/Java/JavaVirtualMachines/jdk1.7.0_51.jdk/Contents/Home/jre/lib/sunrsasign.jar:/Library/Java/JavaVirtualMachines/jdk1.7.0_51.jdk/Contents/Home/jre/lib/jsse.jar:/Library/Java/JavaVirtualMachines/jdk1.7.0_51.jdk/Contents/Home/jre/lib/jce.jar:/Library/Java/JavaVirtualMachines/jdk1.7.0_51.jdk/Contents/Home/jre/lib/charsets.jar:/Library/Java/JavaVirtualMachines/jdk1.7.0_51.jdk/Contents/Home/jre/lib/jfr.jar:/Library/Java/JavaVirtualMachines/jdk1.7.0_51.jdk/Contents/Home/jre/classes"/>
    <property name="java.vendor" value="Oracle Corporation"/>
    <property name="localRepository" value="/Users/pm286/.m2/repository"/>
    <property name="file.separator" value="/"/>
    <property name="java.vendor.url.bug" value="http://bugreport.sun.com/bugreport/"/>
    <property name="sun.cpu.endian" value="little"/>
    <property name="sun.io.unicode.encoding" value="UnicodeBig"/>
    <property name="socksNonProxyHosts" value="local|*.local|169.254/16|*.169.254/16"/>
    <property name="ftp.nonProxyHosts" value="local|*.local|169.254/16|*.169.254/16"/>
    <property name="sun.cpu.isalist" value=""/>
  </properties>
  <testcase time="0.101" classname="org.xmlcml.norma.json.CatalogEntryTest" name="testSerializeBibSource"/>
  <testcase time="0.001" classname="org.xmlcml.norma.json.CatalogEntryTest" name="testSerializeHit"/>
  <testcase time="0.004" classname="org.xmlcml.norma.json.CatalogEntryTest" name="testSerializeCatalogEntry"/>
  <testcase time="0.006" classname="org.xmlcml.norma.json.CatalogEntryTest" name="testDeserializeBibSource"/>
  <testcase time="0.001" classname="org.xmlcml.norma.json.CatalogEntryTest" name="testDeserializeHit"/>
  <testcase time="0.002" classname="org.xmlcml.norma.json.CatalogEntryTest" name="testDeserializeCatalogEntry"/>
  <testcase time="0.009" classname="org.xmlcml.norma.json.CatalogEntryTest" name="testCompleteCatalog"/>
</testsuite>