<?xml version="1.0" encoding="UTF-8" ?>
<testsuite failures="0" time="0.005" errors="0" skipped="1" tests="1" name="org.xmlcml.norma.document.hindawi.HtmlReadTest">
  <properties>
    <property name="java.runtime.name" value="Java(TM) SE Runtime Environment"/>
    <property name="sun.boot.library.path" value="/Library/Java/JavaVirtualMachines/jdk1.7.0_51.jdk/Contents/Home/jre/lib"/>
    <property name="java.vm.version" value="24.51-b03"/>
    <property name="user.country.format" value="GB"/>
    <property name="gopherProxySet" value="false"/>
    <property name="java.vm.vendor" value="Oracle Corporation"/>
    <property name="java.vendor.url" value="http://java.oracle.com/"/>
    <property name="path.separator" value=":"/>
    <property name="java.vm.name" value="Java HotSpot(TM) 64-Bit Server VM"/>
    <property name="file.encoding.pkg" value="sun.io"/>
    <property name="user.country" value="US"/>
    <property name="sun.java.launcher" value="SUN_STANDARD"/>
    <property name="sun.os.patch.level" value="unknown"/>
    <property name="java.vm.specification.name" value="Java Virtual Machine Specification"/>
    <property name="user.dir" value="/Users/pm286/workspace/nhtml"/>
    <property name="java.runtime.version" value="1.7.0_51-b13"/>
    <property name="java.awt.graphicsenv" value="sun.awt.CGraphicsEnvironment"/>
    <property name="basedir" value="/Users/pm286/workspace/nhtml"/>
    <property name="java.endorsed.dirs" value="/Library/Java/JavaVirtualMachines/jdk1.7.0_51.jdk/Contents/Home/jre/lib/endorsed"/>
    <property name="os.arch" value="x86_64"/>
    <property name="surefire.real.class.path" value="/Users/pm286/workspace/nhtml/target/surefire/surefirebooter8608789858885852984.jar"/>
    <property name="java.io.tmpdir" value="/var/folders/mk/8gdp1fg15zsgym6rmchb36gh0000gp/T/"/>
    <property name="line.separator" value="
"/>
    <property name="java.vm.specification.vendor" value="Oracle Corporation"/>
    <property name="os.name" value="Mac OS X"/>
    <property name="sun.jnu.encoding" value="UTF-8"/>
    <property name="java.library.path" value="/Users/pm286/Library/Java/Extensions:/Library/Java/Extensions:/Network/Library/Java/Extensions:/System/Library/Java/Extensions:/usr/lib/java:."/>
    <property name="surefire.test.class.path" value="/Users/pm286/workspace/nhtml/target/test-classes:/Users/pm286/workspace/nhtml/target/classes:/Users/pm286/.m2/repository/org/xml-cml/html/0.2-SNAPSHOT/html-0.2-SNAPSHOT.jar:/Users/pm286/.m2/repository/org/xml-cml/euclid/1.1-SNAPSHOT/euclid-1.1-SNAPSHOT.jar:/Users/pm286/.m2/repository/joda-time/joda-time/1.6.2/joda-time-1.6.2.jar:/Users/pm286/.m2/repository/org/xml-cml/cmlxom/3.2-SNAPSHOT/cmlxom-3.2-SNAPSHOT.jar:/Users/pm286/.m2/repository/org/xml-cml/svg/0.2-SNAPSHOT/svg-0.2-SNAPSHOT.jar:/Users/pm286/.m2/repository/com/google/guava/guava/17.0/guava-17.0.jar:/Users/pm286/.m2/repository/xml-apis/xml-apis/1.4.01/xml-apis-1.4.01.jar:/Users/pm286/.m2/repository/log4j/log4j/1.2.16/log4j-1.2.16.jar:/Users/pm286/.m2/repository/commons-io/commons-io/2.0.1/commons-io-2.0.1.jar:/Users/pm286/.m2/repository/jtidy/jtidy/4aug2000r7-dev/jtidy-4aug2000r7-dev.jar:/Users/pm286/.m2/repository/org/ccil/cowan/tagsoup/tagsoup/1.2/tagsoup-1.2.jar:/Users/pm286/.m2/repository/xom/xom/1.2.5/xom-1.2.5.jar:/Users/pm286/.m2/repository/xerces/xercesImpl/2.8.0/xercesImpl-2.8.0.jar:/Users/pm286/.m2/repository/xalan/xalan/2.7.0/xalan-2.7.0.jar:/Users/pm286/.m2/repository/org/apache/commons/commons-math/2.2/commons-math-2.2.jar:/Users/pm286/.m2/repository/org/jsoup/jsoup/1.7.2/jsoup-1.7.2.jar:/Users/pm286/.m2/repository/net/sourceforge/htmlunit/htmlunit/2.15/htmlunit-2.15.jar:/Users/pm286/.m2/repository/commons-collections/commons-collections/3.2.1/commons-collections-3.2.1.jar:/Users/pm286/.m2/repository/org/apache/commons/commons-lang3/3.3.2/commons-lang3-3.3.2.jar:/Users/pm286/.m2/repository/org/apache/httpcomponents/httpclient/4.3.3/httpclient-4.3.3.jar:/Users/pm286/.m2/repository/org/apache/httpcomponents/httpcore/4.3.2/httpcore-4.3.2.jar:/Users/pm286/.m2/repository/org/apache/httpcomponents/httpmime/4.3.3/httpmime-4.3.3.jar:/Users/pm286/.m2/repository/commons-codec/commons-codec/1.9/commons-codec-1.9.jar:/Users/pm286/.m2/repository/net/sourceforge/htmlunit/htmlunit-core-js/2.15/htmlunit-core-js-2.15.jar:/Users/pm286/.m2/repository/net/sourceforge/nekohtml/nekohtml/1.9.21/nekohtml-1.9.21.jar:/Users/pm286/.m2/repository/net/sourceforge/cssparser/cssparser/0.9.14/cssparser-0.9.14.jar:/Users/pm286/.m2/repository/org/w3c/css/sac/1.3/sac-1.3.jar:/Users/pm286/.m2/repository/commons-logging/commons-logging/1.1.3/commons-logging-1.1.3.jar:/Users/pm286/.m2/repository/org/eclipse/jetty/jetty-websocket/8.1.15.v20140411/jetty-websocket-8.1.15.v20140411.jar:/Users/pm286/.m2/repository/org/eclipse/jetty/jetty-util/8.1.15.v20140411/jetty-util-8.1.15.v20140411.jar:/Users/pm286/.m2/repository/org/eclipse/jetty/jetty-io/8.1.15.v20140411/jetty-io-8.1.15.v20140411.jar:/Users/pm286/.m2/repository/org/eclipse/jetty/jetty-http/8.1.15.v20140411/jetty-http-8.1.15.v20140411.jar:/Users/pm286/.m2/repository/net/sf/saxon/Saxon-HE/9.6.0-3/Saxon-HE-9.6.0-3.jar:/Users/pm286/.m2/repository/com/google/code/gson/gson/2.3.1/gson-2.3.1.jar:/Users/pm286/.m2/repository/junit/junit/4.8.2/junit-4.8.2.jar:"/>
    <property name="java.specification.name" value="Java Platform API Specification"/>
    <property name="java.class.version" value="51.0"/>
    <property name="sun.management.compiler" value="HotSpot 64-Bit Tiered Compilers"/>
    <property name="os.version" value="10.9.5"/>
    <property name="http.nonProxyHosts" value="local|*.local|169.254/16|*.169.254/16"/>
    <property name="user.home" value="/Users/pm286"/>
    <property name="user.timezone" value="Europe/London"/>
    <property name="java.awt.printerjob" value="sun.lwawt.macosx.CPrinterJob"/>
    <property name="java.specification.version" value="1.7"/>
    <property name="file.encoding" value="UTF-8"/>
    <property name="javax.xml.transform.TransformerFactory" value="net.sf.saxon.TransformerFactoryImpl"/>
    <property name="user.name" value="pm286"/>
    <property name="java.class.path" value="/Users/pm286/workspace/nhtml/target/test-classes:/Users/pm286/workspace/nhtml/target/classes:/Users/pm286/.m2/repository/org/xml-cml/html/0.2-SNAPSHOT/html-0.2-SNAPSHOT.jar:/Users/pm286/.m2/repository/org/xml-cml/euclid/1.1-SNAPSHOT/euclid-1.1-SNAPSHOT.jar:/Users/pm286/.m2/repository/joda-time/joda-time/1.6.2/joda-time-1.6.2.jar:/Users/pm286/.m2/repository/org/xml-cml/cmlxom/3.2-SNAPSHOT/cmlxom-3.2-SNAPSHOT.jar:/Users/pm286/.m2/repository/org/xml-cml/svg/0.2-SNAPSHOT/svg-0.2-SNAPSHOT.jar:/Users/pm286/.m2/repository/com/google/guava/guava/17.0/guava-17.0.jar:/Users/pm286/.m2/repository/xml-apis/xml-apis/1.4.01/xml-apis-1.4.01.jar:/Users/pm286/.m2/repository/log4j/log4j/1.2.16/log4j-1.2.16.jar:/Users/pm286/.m2/repository/commons-io/commons-io/2.0.1/commons-io-2.0.1.jar:/Users/pm286/.m2/repository/jtidy/jtidy/4aug2000r7-dev/jtidy-4aug2000r7-dev.jar:/Users/pm286/.m2/repository/org/ccil/cowan/tagsoup/tagsoup/1.2/tagsoup-1.2.jar:/Users/pm286/.m2/repository/xom/xom/1.2.5/xom-1.2.5.jar:/Users/pm286/.m2/repository/xerces/xercesImpl/2.8.0/xercesImpl-2.8.0.jar:/Users/pm286/.m2/repository/xalan/xalan/2.7.0/xalan-2.7.0.jar:/Users/pm286/.m2/repository/org/apache/commons/commons-math/2.2/commons-math-2.2.jar:/Users/pm286/.m2/repository/org/jsoup/jsoup/1.7.2/jsoup-1.7.2.jar:/Users/pm286/.m2/repository/net/sourceforge/htmlunit/htmlunit/2.15/htmlunit-2.15.jar:/Users/pm286/.m2/repository/commons-collections/commons-collections/3.2.1/commons-collections-3.2.1.jar:/Users/pm286/.m2/repository/org/apache/commons/commons-lang3/3.3.2/commons-lang3-3.3.2.jar:/Users/pm286/.m2/repository/org/apache/httpcomponents/httpclient/4.3.3/httpclient-4.3.3.jar:/Users/pm286/.m2/repository/org/apache/httpcomponents/httpcore/4.3.2/httpcore-4.3.2.jar:/Users/pm286/.m2/repository/org/apache/httpcomponents/httpmime/4.3.3/httpmime-4.3.3.jar:/Users/pm286/.m2/repository/commons-codec/commons-codec/1.9/commons-codec-1.9.jar:/Users/pm286/.m2/repository/net/sourceforge/htmlunit/htmlunit-core-js/2.15/htmlunit-core-js-2.15.jar:/Users/pm286/.m2/repository/net/sourceforge/nekohtml/nekohtml/1.9.21/nekohtml-1.9.21.jar:/Users/pm286/.m2/repository/net/sourceforge/cssparser/cssparser/0.9.14/cssparser-0.9.14.jar:/Users/pm286/.m2/repository/org/w3c/css/sac/1.3/sac-1.3.jar:/Users/pm286/.m2/repository/commons-logging/commons-logging/1.1.3/commons-logging-1.1.3.jar:/Users/pm286/.m2/repository/org/eclipse/jetty/jetty-websocket/8.1.15.v20140411/jetty-websocket-8.1.15.v20140411.jar:/Users/pm286/.m2/repository/org/eclipse/jetty/jetty-util/8.1.15.v20140411/jetty-util-8.1.15.v20140411.jar:/Users/pm286/.m2/repository/org/eclipse/jetty/jetty-io/8.1.15.v20140411/jetty-io-8.1.15.v20140411.jar:/Users/pm286/.m2/repository/org/eclipse/jetty/jetty-http/8.1.15.v20140411/jetty-http-8.1.15.v20140411.jar:/Users/pm286/.m2/repository/net/sf/saxon/Saxon-HE/9.6.0-3/Saxon-HE-9.6.0-3.jar:/Users/pm286/.m2/repository/com/google/code/gson/gson/2.3.1/gson-2.3.1.jar:/Users/pm286/.m2/repository/junit/junit/4.8.2/junit-4.8.2.jar:"/>
    <property name="java.vm.specification.version" value="1.7"/>
    <property name="sun.arch.data.model" value="64"/>
    <property name="java.home" value="/Library/Java/JavaVirtualMachines/jdk1.7.0_51.jdk/Contents/Home/jre"/>
    <property name="sun.java.command" value="/Users/pm286/workspace/nhtml/target/surefire/surefirebooter8608789858885852984.jar /Users/pm286/workspace/nhtml/target/surefire/surefire9038296542214399746tmp /Users/pm286/workspace/nhtml/target/surefire/surefire1657026896989366934tmp"/>
    <property name="java.specification.vendor" value="Oracle Corporation"/>
    <property name="user.language" value="en"/>
    <property name="awt.toolkit" value="sun.lwawt.macosx.LWCToolkit"/>
    <property name="java.vm.info" value="mixed mode"/>
    <property name="java.version" value="1.7.0_51"/>
    <property name="java.ext.dirs" value="/Users/pm286/Library/Java/Extensions:/Library/Java/JavaVirtualMachines/jdk1.7.0_51.jdk/Contents/Home/jre/lib/ext:/Library/Java/Extensions:/Network/Library/Java/Extensions:/System/Library/Java/Extensions:/usr/lib/java"/>
    <property name="sun.boot.class.path" value="/Library/Java/JavaVirtualMachines/jdk1.7.0_51.jdk/Contents/Home/jre/lib/resources.jar:/Library/Java/JavaVirtualMachines/jdk1.7.0_51.jdk/Contents/Home/jre/lib/rt.jar:/Library/Java/JavaVirtualMachines/jdk1.7.0_51.jdk/Contents/Home/jre/lib/sunrsasign.jar:/Library/Java/JavaVirtualMachines/jdk1.7.0_51.jdk/Contents/Home/jre/lib/jsse.jar:/Library/Java/JavaVirtualMachines/jdk1.7.0_51.jdk/Contents/Home/jre/lib/jce.jar:/Library/Java/JavaVirtualMachines/jdk1.7.0_51.jdk/Contents/Home/jre/lib/charsets.jar:/Library/Java/JavaVirtualMachines/jdk1.7.0_51.jdk/Contents/Home/jre/lib/jfr.jar:/Library/Java/JavaVirtualMachines/jdk1.7.0_51.jdk/Contents/Home/jre/classes"/>
    <property name="java.vendor" value="Oracle Corporation"/>
    <property name="localRepository" value="/Users/pm286/.m2/repository"/>
    <property name="file.separator" value="/"/>
    <property name="java.vendor.url.bug" value="http://bugreport.sun.com/bugreport/"/>
    <property name="sun.cpu.endian" value="little"/>
    <property name="sun.io.unicode.encoding" value="UnicodeBig"/>
    <property name="socksNonProxyHosts" value="local|*.local|169.254/16|*.169.254/16"/>
    <property name="ftp.nonProxyHosts" value="local|*.local|169.254/16|*.169.254/16"/>
    <property name="sun.cpu.isalist" value=""/>
  </properties>
  <testcase time="0" classname="org.xmlcml.norma.document.hindawi.HtmlReadTest" name="readRawHtmlSVGTest">
    <skipped/>
  </testcase>
</testsuite>